<?xml version="1.0" encoding="UTF-8"?>
<!-- Generated by org.testng.reporters.JUnitXMLReporter -->
<testsuite ignored="0" hostname="Usman" failures="2" tests="2" name="Test" time="94.059" errors="0" timestamp="2022-05-22T21:40:14 CEST">
  <testcase classname="Assignment.Home" name="PartialRespone" time="69.096">
    <failure type="java.lang.AssertionError" message="expected [true] but found [false]">
      <![CDATA[java.lang.AssertionError: expected [true] but found [false]
at Assignment.Home.PartialRespone(Home.java:101)
at java.base/java.util.ArrayList.forEach(ArrayList.java:1511)
... Removed 31 stack frames]]>
    </failure>
  </testcase> <!-- PartialRespone -->
  <testcase classname="Assignment.Home" name="dashboard" time="5.021">
    <failure type="java.lang.NullPointerException" message="Cannot invoke &amp;quot;org.openqa.selenium.WebElement.click()&amp;quot; because &amp;quot;shadowdom&amp;quot; is null">
      <![CDATA[java.lang.NullPointerException: Cannot invoke "org.openqa.selenium.WebElement.click()" because "shadowdom" is null
at Assignment.Home.shadowDom(Home.java:110)
at Assignment.Home.dashboard(Home.java:35)
at java.base/java.util.ArrayList.forEach(ArrayList.java:1511)
... Removed 27 stack frames]]>
    </failure>
  </testcase> <!-- dashboard -->
</testsuite> <!-- Test -->
