<?xml version="1.0" encoding="UTF-8"?>
<!-- Generated by org.testng.reporters.JUnitXMLReporter -->
<testsuite ignored="0" hostname="Usman" failures="2" tests="3" name="Test" time="238.376" errors="0" timestamp="2022-05-22T22:51:53 CEST">
  <testcase classname="Assignment.Home" name="dashboardTest" time="65.536"/>
  <testcase classname="Assignment.Home" name="partialResponeTest" time="77.031">
    <failure type="java.lang.AssertionError" message="expected [true] but found [false]">
      <![CDATA[java.lang.AssertionError: expected [true] but found [false]
at Assignment.Home.partialResponeTest(Home.java:126)
at java.base/java.util.ArrayList.forEach(ArrayList.java:1511)
... Removed 33 stack frames]]>
    </failure>
  </testcase> <!-- partialResponeTest -->
  <testcase classname="Assignment.Home" name="quickResponeTest" time="78.665">
    <failure type="java.lang.AssertionError" message="expected [true] but found [false]">
      <![CDATA[java.lang.AssertionError: expected [true] but found [false]
at Assignment.Home.quickResponeTest(Home.java:97)
at java.base/java.util.ArrayList.forEach(ArrayList.java:1511)
... Removed 33 stack frames]]>
    </failure>
  </testcase> <!-- quickResponeTest -->
</testsuite> <!-- Test -->
